Using pre-set license
Built from '2020.2/staging' branch; Version is '2020.2.6f1 (8a2143876886) revision 9052483'; Using compiler version '192528614'; Build Type 'Release'
OS: 'Windows 10 Pro; OS build 19042.1237; Version 2009; 64bit' Language: 'en' Physical Memory: 24437 MB
BatchMode: 1, IsHumanControllingUs: 0, StartBugReporterOnCrash: 0, Is64bit: 1, IsPro: 0

 COMMAND LINE ARGUMENTS:
C:\Program Files\Unity\Hub\Editor\2020.2.6f1\Editor\Unity.exe
-adb2
-batchMode
-noUpm
-name
AssetImportWorker0
-projectPath
C:/Users/Sarbjot Singh/Documents/GitHub/Raft2Raft/Raft2Raft
-logFile
Logs/AssetImportWorker0.log
-srvPort
53292
Successfully changed project path to: C:/Users/Sarbjot Singh/Documents/GitHub/Raft2Raft/Raft2Raft
C:/Users/Sarbjot Singh/Documents/GitHub/Raft2Raft/Raft2Raft
Using Asset Import Pipeline V2.
Refreshing native plugins compatible for Editor in 49.73 ms, found 0 plugins.
Preloading 0 native plugins for Editor in 0.00 ms.
Initialize engine version: 2020.2.6f1 (8a2143876886)
[Subsystems] Discovering subsystems at path C:/Program Files/Unity/Hub/Editor/2020.2.6f1/Editor/Data/Resources/UnitySubsystems
[Subsystems] Discovering subsystems at path C:/Users/Sarbjot Singh/Documents/GitHub/Raft2Raft/Raft2Raft/Assets
GfxDevice: creating device client; threaded=0
Direct3D:
    Version:  Direct3D 11.0 [level 11.1]
    Renderer: NVIDIA GeForce RTX 3060 (ID=0x2487)
    Vendor:   
    VRAM:     12138 MB
    Driver:   30.0.14.7212
Initialize mono
Mono path[0] = 'C:/Program Files/Unity/Hub/Editor/2020.2.6f1/Editor/Data/Managed'
Mono path[1] = 'C:/Program Files/Unity/Hub/Editor/2020.2.6f1/Editor/Data/MonoBleedingEdge/lib/mono/unityjit'
Mono config path = 'C:/Program Files/Unity/Hub/Editor/2020.2.6f1/Editor/Data/MonoBleedingEdge/etc'
Using monoOptions --debugger-agent=transport=dt_socket,embedding=1,server=y,suspend=n,address=127.0.0.1:56148
Begin MonoManager ReloadAssembly
Registering precompiled unity dll's ...
Register platform support module: C:/Program Files/Unity/Hub/Editor/2020.2.6f1/Editor/Data/PlaybackEngines/WebGLSupport/UnityEditor.WebGL.Extensions.dll
Register platform support module: C:/Program Files/Unity/Hub/Editor/2020.2.6f1/Editor/Data/PlaybackEngines/MacStandaloneSupport/UnityEditor.OSXStandalone.Extensions.dll
Register platform support module: C:/Program Files/Unity/Hub/Editor/2020.2.6f1/Editor/Data/PlaybackEngines/WindowsStandaloneSupport/UnityEditor.WindowsStandalone.Extensions.dll
Registered in 0.004391 seconds.
Native extension for WindowsStandalone target not found
Native extension for OSXStandalone target not found
Native extension for WebGL target not found
Refreshing native plugins compatible for Editor in 41.80 ms, found 0 plugins.
Preloading 0 native plugins for Editor in 0.00 ms.
Invoked RoslynAnalysisRunner static constructor.
RoslynAnalysisRunner will not be running.
RoslynAnalysisRunner has terminated.
Mono: successfully reloaded assembly
- Completed reload, in  1.804 seconds
Platform modules already initialized, skipping
Registering precompiled user dll's ...
Registered in 0.000933 seconds.
Begin MonoManager ReloadAssembly
Native extension for WindowsStandalone target not found
Native extension for OSXStandalone target not found
Native extension for WebGL target not found
Refreshing native plugins compatible for Editor in 0.45 ms, found 0 plugins.
Preloading 0 native plugins for Editor in 0.00 ms.
Invoked RoslynAnalysisRunner static constructor.
RoslynAnalysisRunner will not be running.
RoslynAnalysisRunner has terminated.
Mono: successfully reloaded assembly
- Completed reload, in  1.137 seconds
Platform modules already initialized, skipping
========================================================================
Worker process is ready to serve import requests
Launched and connected shader compiler UnityShaderCompiler.exe after 0.04 seconds
Refreshing native plugins compatible for Editor in 0.45 ms, found 0 plugins.
Preloading 0 native plugins for Editor in 0.00 ms.
Unloading 1341 Unused Serialized files (Serialized files now loaded: 0)
System memory in use before: 96.8 MB.
System memory in use after: 96.5 MB.

Unloading 24 unused Assets to reduce memory usage. Loaded Objects now: 1799.
Total: 2.910500 ms (FindLiveObjects: 0.388600 ms CreateObjectMapping: 0.093800 ms MarkObjects: 2.023400 ms  DeleteObjects: 0.401600 ms)

========================================================================
Received Import Request.
  path: Assets/New Material 1.mat
  artifactKey: Guid(d8f0e5b71aeb87c458ab40e694852cf2) Importer(815301076,1909f56bfc062723c751e8b465ee728b)
Start importing Assets/New Material 1.mat using Guid(d8f0e5b71aeb87c458ab40e694852cf2) Importer(815301076,1909f56bfc062723c751e8b465ee728b)  -> (artifact id: 'fea726c4817bf8f638d7834ef02c30d9') in 0.192418 seconds
  Import took 0.195562 seconds .

========================================================================
Received Import Request.
  Time since last request: 10.913883 seconds.
  path: Assets/Rafts/StarterIsland.blend
  artifactKey: Guid(7c008d6bddc4bb147803e350ddbe6459) Importer(815301076,1909f56bfc062723c751e8b465ee728b)
Start importing Assets/Rafts/StarterIsland.blend using Guid(7c008d6bddc4bb147803e350ddbe6459) Importer(815301076,1909f56bfc062723c751e8b465ee728b)  -> (artifact id: '7d5b4537cd50ae07738a4976f807c355') in 0.315635 seconds
  Import took 0.319143 seconds .

========================================================================
Received Import Request.
  Time since last request: 34.310680 seconds.
  path: Assets/Rafts/Pier.blend
  artifactKey: Guid(d6fbc932bc0cfde4da96be37123b8f91) Importer(815301076,1909f56bfc062723c751e8b465ee728b)
Start importing Assets/Rafts/Pier.blend using Guid(d6fbc932bc0cfde4da96be37123b8f91) Importer(815301076,1909f56bfc062723c751e8b465ee728b)  -> (artifact id: 'ff6c943de3153d7614b28803503d35bd') in 0.401676 seconds
  Import took 0.405619 seconds .

========================================================================
Received Import Request.
  Time since last request: 20.931901 seconds.
  path: Assets/Rafts/PossibleStep.fbx
  artifactKey: Guid(b7b1c6b0a9d92cb4f868f7a33fb4ad48) Importer(815301076,1909f56bfc062723c751e8b465ee728b)
Start importing Assets/Rafts/PossibleStep.fbx using Guid(b7b1c6b0a9d92cb4f868f7a33fb4ad48) Importer(815301076,1909f56bfc062723c751e8b465ee728b)  -> (artifact id: 'ccff20c77bd61a486d0de9aa2db6eef5') in 0.090979 seconds
  Import took 0.094189 seconds .

========================================================================
Received Import Request.
  Time since last request: 9.631166 seconds.
  path: Assets/Rafts/Pier.fbx
  artifactKey: Guid(09b679a7ad4277d49ace825998969e5f) Importer(815301076,1909f56bfc062723c751e8b465ee728b)
Start importing Assets/Rafts/Pier.fbx using Guid(09b679a7ad4277d49ace825998969e5f) Importer(815301076,1909f56bfc062723c751e8b465ee728b)  -> (artifact id: '7a39ecaf06568ce8fc57b3fc079b9502') in 0.084573 seconds
  Import took 0.089065 seconds .

========================================================================
Received Import Request.
  Time since last request: 14.272358 seconds.
  path: Assets/Rafts/StarterIsland.fbx
  artifactKey: Guid(3fc01c0e566d22b409a388f3653ddf9c) Importer(815301076,1909f56bfc062723c751e8b465ee728b)
Start importing Assets/Rafts/StarterIsland.fbx using Guid(3fc01c0e566d22b409a388f3653ddf9c) Importer(815301076,1909f56bfc062723c751e8b465ee728b)  -> (artifact id: '03901d37226a3534cf888db563ee7980') in 0.065306 seconds
  Import took 0.069584 seconds .

========================================================================
Received Import Request.
  Time since last request: 7095.397699 seconds.
  path: Assets/Rafts/Pier.fbx
  artifactKey: Guid(09b679a7ad4277d49ace825998969e5f) Importer(815301076,1909f56bfc062723c751e8b465ee728b)
Start importing Assets/Rafts/Pier.fbx using Guid(09b679a7ad4277d49ace825998969e5f) Importer(815301076,1909f56bfc062723c751e8b465ee728b)  -> (artifact id: '996a4b83553c15a72bd6569eba19cf6c') in 0.109285 seconds
  Import took 0.112869 seconds .

========================================================================
Received Import Request.
  Time since last request: 185.540602 seconds.
  path: Assets/Hand Painted Seamless Wood Texture/Materials/Wood2.mat
  artifactKey: Guid(f8ee6106d1361c24bafdee024e4c1b24) Importer(815301076,1909f56bfc062723c751e8b465ee728b)
Start importing Assets/Hand Painted Seamless Wood Texture/Materials/Wood2.mat using Guid(f8ee6106d1361c24bafdee024e4c1b24) Importer(815301076,1909f56bfc062723c751e8b465ee728b)  -> (artifact id: 'ce9e559c1d1a394299e3ddc9ed41ef9e') in 0.081511 seconds
  Import took 0.084978 seconds .

========================================================================
Received Import Request.
  Time since last request: 0.000238 seconds.
  path: Assets/Hand Painted Seamless Wood Texture/Materials/Wood3.mat
  artifactKey: Guid(f11ec08fa9b774c4d87712ab796f89e7) Importer(815301076,1909f56bfc062723c751e8b465ee728b)
Start importing Assets/Hand Painted Seamless Wood Texture/Materials/Wood3.mat using Guid(f11ec08fa9b774c4d87712ab796f89e7) Importer(815301076,1909f56bfc062723c751e8b465ee728b)  -> (artifact id: '9a434b129e1337bf0614fd41fcaaaf45') in 0.032648 seconds
  Import took 0.035564 seconds .

========================================================================
Received Import Request.
  Time since last request: 204.723162 seconds.
  path: Assets/Hand Painted Seamless Wood Texture/Materials/New Material.mat
  artifactKey: Guid(8788ebbc9a57dc74680cd02636fedca9) Importer(815301076,1909f56bfc062723c751e8b465ee728b)
Start importing Assets/Hand Painted Seamless Wood Texture/Materials/New Material.mat using Guid(8788ebbc9a57dc74680cd02636fedca9) Importer(815301076,1909f56bfc062723c751e8b465ee728b)  -> (artifact id: 'e1ba76725452ee18443a37fe5251ca20') in 0.019392 seconds
  Import took 0.023162 seconds .

========================================================================
Received Import Request.
  Time since last request: 2264.684958 seconds.
  path: Assets/Hand Painted Seamless Wood Texture/Materials/M_Wood2.mat
  artifactKey: Guid(3e3fe7d08624f594bb8e96487091bd1a) Importer(815301076,1909f56bfc062723c751e8b465ee728b)
Start importing Assets/Hand Painted Seamless Wood Texture/Materials/M_Wood2.mat using Guid(3e3fe7d08624f594bb8e96487091bd1a) Importer(815301076,1909f56bfc062723c751e8b465ee728b)  -> (artifact id: '30da7e112f0df7fe6bcec038f2feb2ed') in 0.039194 seconds
  Import took 0.043600 seconds .

========================================================================
Received Import Request.
  Time since last request: 0.000246 seconds.
  path: Assets/Hand Painted Seamless Wood Texture/Materials/New Material.mat
  artifactKey: Guid(8788ebbc9a57dc74680cd02636fedca9) Importer(815301076,1909f56bfc062723c751e8b465ee728b)
Start importing Assets/Hand Painted Seamless Wood Texture/Materials/New Material.mat using Guid(8788ebbc9a57dc74680cd02636fedca9) Importer(815301076,1909f56bfc062723c751e8b465ee728b)  -> (artifact id: '1b97721cc5a5d783892cd21f8342903d') in 0.029356 seconds
  Import took 0.032928 seconds .

========================================================================
Received Import Request.
  Time since last request: 0.000201 seconds.
  path: Assets/Hand Painted Seamless Wood Texture/Materials/Wood2.mat
  artifactKey: Guid(f8ee6106d1361c24bafdee024e4c1b24) Importer(815301076,1909f56bfc062723c751e8b465ee728b)
Start importing Assets/Hand Painted Seamless Wood Texture/Materials/Wood2.mat using Guid(f8ee6106d1361c24bafdee024e4c1b24) Importer(815301076,1909f56bfc062723c751e8b465ee728b)  -> (artifact id: '8ebb2c884a046f8deeb8aa6dc20da48a') in 0.038347 seconds
  Import took 0.042063 seconds .

========================================================================
Received Import Request.
  Time since last request: 0.000225 seconds.
  path: Assets/Hand Painted Seamless Wood Texture/Materials/M_Wood3.mat
  artifactKey: Guid(df52f4d0325777d49bbe6e566536e284) Importer(815301076,1909f56bfc062723c751e8b465ee728b)
Start importing Assets/Hand Painted Seamless Wood Texture/Materials/M_Wood3.mat using Guid(df52f4d0325777d49bbe6e566536e284) Importer(815301076,1909f56bfc062723c751e8b465ee728b)  -> (artifact id: '1566144347e5a4f228b1283a534f082a') in 0.028587 seconds
  Import took 0.032572 seconds .

AssetImportWorkerClient::OnTransportError - code=2 error=End of file
